Alabama 7
Alaska 1
Arizona 6
Arkansas 4
California 52
Colorado 6
Connecticut 6
Delaware 1
Florida 23
Georgia 11
Hawaii 2
Idaho 2
Illinois 20
Indiana 10
Iowa 5
Kansas 4
Kentucky 6
Louisiana 7
Maine 2
Maryland 8
Massachusetts 10
Michigan 16
Minnesota 8
Mississippi 5
Missouri 9
Montana 1
Nebraska 3
Nevada 2
New Hampshire 2
New Jersey 13
New Mexico 3
New York 31
North Carolina 12
North Dakota 1
Ohio 19
Oklahoma 6
Oregon 5
Pennsylvania 21
Rhode Island 2
South Carolina 6
South Dakota 1
Tennessee 9
Texas 30
Utah 3
Vermont 1
Virginia 11
Washington 9
West Virginia 3
Wisconsin 9
Wyoming 1
