Alabama 7
Alaska 1
Arizona 8
Arkansas 4
California 53
Colorado 7
Connecticut 5
Delaware 1
Florida 25
Georgia 13
Hawaii 2
Idaho 2
Illinois 19
Indiana 9
Iowa 5
Kansas 4
Kentucky 6
Louisiana 7
Maine 2
Maryland 8
Massachusetts 10
Michigan 15
Minnesota 8
Mississippi 4
Missouri 9
Montana 1
Nebraska 3
Nevada 3
New Hampshire 2
New Jersey 13
New Mexico 3
New York 29
North Carolina 13
North Dakota 1
Ohio 18
Oklahoma 5
Oregon 5
Pennsylvania 19
Rhode Island 2
South Carolina 6
South Dakota 1
Tennessee 9
Texas 32
Utah 3
Vermont 1
Virginia 11
Washington 9
West Virginia 3
Wisconsin 8
Wyoming 1
