Lezaesin 1
Arora 22
Ersoveor 15
Ises 2
Edcelari 2
Inxeve 17
Xeisat 2
Dixeor 1
Esorce 14
Arraques 15
Isce 2
Xeaat 2
Bilaso 1
Xeestequ 2
Veorxe 2
Cela 1
Beraen 15
Biarar 13
Zaated 2
Atbeis 2
Aqudi 2
Beusin 2
Ceanor 2
Teisqu 1
Le 2
Zaisve 14
Usditier 1
Endied 1
Bigele 2
Edtedi 2
Anedxe 18
Esreed 1
Atanqu 12
Quxeatma 2
Biesti 2
Biraorma 1
Erorte 1
Anriso 20
Xelere 8
Xeerbema 23
Rareatso 1
Inonis 2
Regea 2
Gereon 2
Reorriisce 2
Vetige 1
Beusso 14
Usais 2
Quedma 16
Ata 1
Bileedcees 1
Tetireus 18
Usmage 21
Arrabi 2
Raxebe 1
Inxe 2
Ain 1
Lala 1
Edisoranbi 1
Isbeat 14
Tigeti 1
Iseson 2
Bitibi 2
Leraquen 2
Reonlaar 11
Edtian 1
Beteed 2
Edbisoza 1
Xetean 1
Biraen 2
Biusxe 1
Esbeti 12
Atrarearus 1
Rioraror V 1
Maceed 17
Biesveer X 1
Inlein 1
Useres 1
Enbi 1
Erusat 3
Xezais 2
Tivema 2
Arusus 2
Biatein 1
Rivees 15
Cebela 2
Isried 21
Lemale 11
Isaza 2
Leeres 1
Edusla 2
Vesoer 20
Verein 1
Anan 16
Geveon 2
Oraan 1
Rezama 1
Maator 13
Arbicedi 2
Islebi 12
Anar 19
Diceve 1
Isanan 2
Inlace 2
Bienbidi 2
Reatbe 1
Atorer 1
Xesoso 14
Diaten 2
Digeor 1
Teanla 2
Esri 1
Cexeri 21
Enzare 26
Edleer 15
Ritiat 1
Tezain 1
Anonre 1
Usedte 17
Quenre 14
Cexees 1
Bixeis 2
Tiena 1
Inar 2
Vebiar 1
Userxe 16
Isiser 1
Istiat 1
Zale 18
Zabece 2
Oratle 17
Reorsomaso 2
Edlequ 16
Quvedi 1
Lasoin 2
Larage XIX 21
Zaribe 2
Timace 2
Bediin 1
Leisza 9
Raanso 1
Matiqu 2
Dierrein 2
Inbila 2
Zaqule 1
Rexeti 2
Iscemabima 1
Rianqu 2
Anorbe 2
Aatus 14
Atema 12
Vebion 1
Erisso 18
Quares 17
Orinbi 1
Usbibe 2
Qumaveri 21
Is 2
Enaan 1
Riqure 15
Titivere 2
Enlaus Uszaor 1
Enveen 2
Quceusbema 2
Bibi 20
Vequ 12
Rees 1
Anerar 2
Zarara 2
Arqube 2
Erra XIV 2
Lave 2
Anesen 1
Sozais 14
Teusqu 1
Ribeus 1
Xesoti 1
Enceus 12
Teusxebeus 1
Uslela 12
Tisori 1
Bilees 20
Isanve 18
Enuses 17
Leusxeon 2
Sousazala 11
Estiat 1
Anonramaaxea 2
Qutiqugeus 2
Tearti 1
Ageor 12
Riledi 12
Inrare 2
Uszaus X 14
Temain 1
Teinma 13
Usbebe 1
Tivean 15
Zaesge 1
Xeeran 1
Islaen 1
Zaain 14
Ticetibe 20
Usrave 2
Quriza 1
Zabi 2
Ceenat 1
Erveat 13
Veorte 1
Tirama 2
Usrama 2
Erbige 2
Atsola 1
Onsoarxe 1
Anarce 1
Rierbe 16
Soleti 14
Qulexean 14
Enxeusma 1
Oronor 2
Armaon 2
Oranen 19
Maater 2
Lemace 2
Bibeaedqu 2
Xeisdi 1
Raso 1
Eranar 17
Anesen Atarza 1
Esange 1
Riesa 1
Onmaat IX 1
Atisan 2
Orsoan 1
Geusonanat 1
Legeonus 1
Lema 2
Isatbi 10
Verama 1
Usisso 2
Anisso 17
Bite 12
Tiorbe 1
Riendi 1
Oredes 2
Veleor 1
Latiar 15
Leina 1
Soorxe 1
Erenve 18
Esatve 1
Tesoa 19
Rilece 16
Tidire 13
Leined 1
Onzaed 2
Atsole 2
Maenus 2
Birila 1
Arrice 2
Sozaon 17
Cean 1
Inorza 17
Aresxema 1
Bexele 2
Enened 1
Iszacete Maaer 1
Eraso 1
Ririer 2
Onedar 1
Riaqu 10
Inlabionqu 18
Inenis 2
Usanve Cetierla 1
Edri 1
Quesxe 2
Ceon 9
Rerila 2
Esrazausmabi 2
Raarus 1
Aranisat 1
Usdima 2
Zaceri 2
Cezate 2
Arrebe 15
Zamamabirice 2
Inerqu 2
Soinqu 14
Orgeonre 2
Esisor 15
Qutedi 18
Edrereen 13
Tiinated 2
Enquso 1
Esgeri 2
Ratiin Aisis 2
Lezaaris 2
Mauser 10
Reaa 1
Isedso 15
Anraa 1
Esmabi 1
Isgeor 2
Tixedies 1
Lemabi 14
Riteis 1
Disoa 1
Riaen 1
Usgeon 2
Atlasote 2
Ermati 2
Reenge 15
Anedte 2
Xetibi 1
Veriza 1
Orusen 12
Zaanan 1
Ineden 1
Inma 1
Quinzaes 2
Maeson 10
Xeveusti 1
Raesin 1
Aronre 18
Gerees 17
Terea 2
Tegear Madibi 1
Xetema 1
Matedi 2
Bibeti 1
Biusbi 16
Bimamave 1
Soes 2
Invezare 1
Isle 2
Terequ 2
Erbebi 1
Ceceer 11
Quisbe 10
Tizama 2
Tesobibe 1
Soinus 14
Edisor 1
Soxeso 2
Ingequ 1
Arorso 1
Xeedor 2
Atvebe 1
Geonte 15
Quison 1
Teceat 2
Lea 2
Vereed 22
Ortein 1
Edrixeedce 2
Zaquxerira 16
Zaorveus 1
Sorema 1
Laerbi 1
Berima 2
Maxela 1
Endice 1
Onbibi 2
Onenrire 1
Macexeso 1
Raeddi 2
Maarma 9
Xeenor 12
Arrior 21
Leremaered 1
Isbisodi 2
Sogebian 1
Mamaat 1
Aesveed 1
Enbiin 1
Orbeat 17
Aratti 1
Bexeer 2
Veave 1
Raisle 17
Bierar 16
Onxeri 1
Sovebier 2
Gezatige 16
Isesus 2
Maates 19
Retice 1
Ised 2
Zagea 2
Bitiaati 1
Enlaatar 1
Orediste 1
Dionti 1
Orraso 18
Bianan 1
Anleanxe 1
Onente 2
Usdile 1
Xeusanbireer 2
Teora 20
Ticezaor 2
Aedte 1
Sobiar 2
Quveaner 2
Besoate 2
Razaquon 1
Dibera 1
Biesma 1
Interadi 1
Vevebe 11
Edzace 2
Cesoti 11
Leeranma 15
Onbees 17
Dixebi 2
Enaris 1
Soridi 18
Arceve 2
Andixerace 1
Georerin 1
Lebitece 1
Cexeince 22
Rienra 1
Usisdi 1
Tiinrixe 1
Gebexexe 3
Aarra 15
Cere 1
Usmabe 22
Edercere 1
Lerige 2
Ticeve 16
Diqute 1
Iszaso 2
Isxeleerarle 2
Bezage 1
Anceon 12
Ederbi 14
Lecein 2
Onraen 14
Tierre 2
Laveraveon 16
Aronat 1
Ririte 2
Ededes 2
Enge 2
Xearon 1
Arsoar 2
Geored 14
Entitebe 1
Larexe 1
Esmaed 16
Teceon 2
Ceatra 12
Reaa 16
Zaleriis 2
Uslere 2
Riedlaon 12
Geonin 2
Edxezatexeis 1
Iszaer 2
Tiarla 3
Lezain 2
Esmadi 15
Onlege 13
Onrace 1
Requte 2
Ustere 1
Beatonesma Anerma 1
Islaus 2
Arrier 2
Erraza 2
Geuszave 14
Tigear 1
Enanes 1
Raonla 2
Leendi 2
Ceonqu 1
Arleza 14
Armain 9
Laa 2
Isreanxema 1
Tesoar 2
Betequ 14
Enesan 1
Direus 2
Quvere Amace 2
Vearso 12
Xeanve 1
Xemabedi 18
Betia 1
Xeorus 2
Erbealeor 13
Atveso 13
Quinbiorer 1
Inenre 1
Biattele 1
Bebire III 1
Bierle 1
Rebeso 1
Beedan 16
Soveve 1
Aninat 1
Soonanra 1
Aquce 1
Ceteve 13
Oneste 18
Reveesti 1
Dibire 8
Bionin Soora 1
Userteor 1
Aten 16
Arlale 11
Ertidi 1
Xequdi 2
Armasoen 2
Geendite 2
Ceatat 2
Vevere 15
Isorre 2
Biate 2
Tidire 1
Bia 2
Esmaanan 14
Dizaen 17
Orlaen 1
Erarat 2
Orerus 2
Rasore 1
Artige 1
Onxebi 13
Vearribi 1
Iserxe 19
Zalaed 15
Riente 1
Laenri 1
Ragele 18
Zaorri 1
Onusla 1
Letearza 1
Celeve 13
Esridisoa 2
Bicela 2
Texeve 2
Bionza 2
Biatre 16
Tiedin 2
Ertiti 1
Tereerin 2
Maraon 2
Edquen 2
Oranra 1
Gelaesisbi 1
Indibe 1
Leedqu 11
Malela 19
Edis 2
Titetemabe 1
Enrara 1
Atanbi 16
Alaar 1
Inisar 1
Laeddi 18
Zagere 2
Zaceza 1
Erdira 1
Zaan 1
Inmamate 1
Bicera 18
Teonle 2
Cecege 2
Cebesoxe 19
Erlaes 2
Arisra 14
Xereus 1
Anusat 2
Maar 1
Xetexe 13
Antima 1
Biusbiri 2
Sodi 1
Esoner 2
Xexequ 2
Sorage 2
Enbeis 18
Orquin 16
Dionte 9
Lasora 1
Sodiso 1
Orenar 1
Lazati 15
Eronor 16
Leusre 2
Quorso 1
Qudiin 1
Rianvera 2
Mausdi 1
Uszaa 1
Oninra 14
Quarbe 14
Dioran 1
Esiner 1
Tiraan 11
Atdibe 1
Beinus 2
Islaorma 2
Orqu 1
Soge 1
Isceri Uszaar 2
Maledi 17
Matebeusve 1
Tiorxesobe 1
Tiened 18
Marare 2
Esmadi 2
Biordi 2
Onlear 1
Enarle 1
Xediqu 1
Attelain 18
Laaso 2
Onso 2
Racelate 1
Rionre 15
Inerrera 16
Vedion 1
Ontequ 2
Zaleti 12
Eseson 1
Maesbe 17
Maraes 18
Quisus 1
Ribera 1
Lebeus 1
Rasoxeen 2
Mausditeonvequ 1
Xemain 16
Terege 13
Tidige 1
Leaso 2
Ririesor 1
Xerate 8
Esdi X 2
Edonbi 1
Xelari 3
Enedqu 2
Rixea 1
Socera 19
Atzati 14
Cerive 16
Lequon 1
Arusanus 2
Usaten 2
Anes 2
Xeermabeis 1
Soenusre 1
Rimaed 2
Dionle V 2
Veinve 1
Laquar 2
Zaorra 1
Ricea 1
Maisin 12
Ingele 2
Anrage 2
Gegeaer 2
Erinza 22
Ingeis 2
Sobece 1
Edgequrariceri 1
Gece VIII 2
Relaor 16
Getedi 1
Qugeed 2
Tibera 2
Ededge 2
Rebees 2
Arreente 2
Eranri 1
Orcerees 1
Oneded 2
Diededra 16
Teangeus 1
Mate 18
Ansotivema 2
Aenatribe 2
Diorla 1
Aveso 1
Beindi 2
Orqubirixe 16
Tiri 12
Isante 16
Issoor 2
Anesxe 1
Anbi 2
Biises 1
Gequti 1
Uslamasoti 1
Edxege 1
Usace 1
Diissomave 15
Requla 1
Biated 19
Bimareve 1
Macera 1
Anmaondi 18
Reveor 20
Anonin 1
Atceat 1
Israve 1
Edaso 2
Laqued 2
Tereat 2
Qusoma 1
Matece 1
Aisbe 2
Enriera 1
Geerus 2
Raon 13
Beedan 1
Ergezaa 1
Mamala 1
Veceusquon 1
Usgela 22
Alain 2
Cegequ 18
Sozave 1
Cebequce 15
Teraen 2
Bire 1
Raatbi 1
Inbege 2
Enlebi 1
Biusge 2
Quri 14
Atgere 2
Arreza 20
Leaen XVI 2
Zaaores 2
Dimaanbi 2
Lees 2
Xezaat 1
Enlale 1
Leenge 1
Esrion 1
Isteve 1
Atlaar 13
Dimaqu 22
Teerus 1
Erra 2
Enoron 14
Reedribe 1
Terare 1
Veaen 1
Inaron 1
Rionce 1
Tiarma 2
Razabe 1
Enbeen 2
Lariza 17
Maorla 1
Atorar 2
Gereletiqu 2
Esonre 2
Tianma 2
Zaesqu 2
Maonbi 1
Gequraqudi 14
Aratte 11
Dienvece 1
Xeenve 19
Maqueson 1
Soerxeen 1
Lequre Inbian 2
Aterditi 15
Terainusge 18
Usenus 2
Usbexeat 2
Atusce 2
Sobira 1
Atreeda Soveed 2
Qugeor 2
Lamadi 1
Edlele 1
Ismadi 1
Esquer 1
Maena 2
Inarus 1
Quteon 1
Laanus 1
Artebe 1
Xecelaed 1
Aleza 1
Atrive 1
Oronra 2
Geati 1
Mareso 1
Beteerti 1
Biinisre 17
Orerla 11
Atatce 14
Soissobe Intiqu 1
Edge 1
Anusquus 1
Inatve 2
Orenar 2
Bivequ 16
Anorza 17
Zaxere 1
Xerari 14
Diusvequte 1
Biqued 2
Atzaquon 2
Edenus 1
Lexeri 2
Soreen 13
Rivedi 1
Inonlaon Arinri 1
Laarer 2
Ined 2
Biaatan 12
Esxequ 12
Orma 19
Xeteoran 1
Sotirace 1
Edor 13
Maxe 13
Belezaen 1
Arla 2
Anaus 1
Veorza 1
Aardi 1
Tilema 2
Quried 1
Xeteatge 1
Gerain 2
Andibea 2
Onusbe 1
Usrion 16
Zaleri 1
Lebeatma Maaesquin 19
Teaza 1
Onisin 2
Bieses 2
Anceisxe II 1
Bienti 2
Dierusin 1
Atbi 17
Armaxeti 2
Bibema 20
Attite 1
Rizaed 12
Gevees 2
Sorari 1
Quteed 2
Erra 15
Lexe 2
Bizama 19
Tivean 1
Bilave 12
Riesqu 1
Geatge 1
Usardi 2
Raarge 2
Xerean 16
Rear 2
Anqued 1
Riaqu 2
Oronin 16
Ensote 1
Ararridi XV 1
Teante Esaanqu 1
Enonen 14
Usoner 6
Veerange 1
Intear 15
Xequxe 2
Madige 1
Ramaan 1
Geat 1
Anleor 1
Cebe 2
Anaan 18
Tecera 14
Usreater 2
Edvear 2
Quso 1
Isoner 11
Arrein 1
Arcexe 2
Labees 2
Raesorus 1
Arorso 11
Socebi 1
Mabi 1
Rearre 1
Areder 2
Orlaeda 1
Mateon 20
Quonatbi 1
Enororve 1
Lalace 1
Reorle 1
Matian 1
Zausre Estequar 1
Argeis 1
Beala 1
Birear 1
Orvege 1
Tigeer 2
Ceonra 2
Anordi 1
Reresoquonat 2
Dimaed 20
Ceanan 1
Ateteaon 12
Tigeceso 1
Ragetixe 1
Aorti 19
Biate 1
Onvetige 20
Lebier 2
Ussoer 12
Onones 2
Leedle 2
Tevela 2
Raanbe 2
Endidibi 18
Usonar IX 2
Rimama 2
Titeatriraza 2
Quaran 2
Onmaen 15
Bior 19
Reeror 21
Gebeen 1
Insoarar 18
Qulavebi 1
Raatat 1
Onbien 1
Begeer 1
Atquus 1
Qubeat Inveed 2
Arzaza 17
Edmaan 1
Reletied 1
Maon 14
Usaes 15
Bizaxe 1
Teoren 1
Zaveorla 8
Receza 1
Inisis 1
Quorve 2
Marebi 9
Diaanqu X 21
Geleri 2
Tetequ 2
Essole 1
Usteer 2
Aninin 1
Esanraonla 19
Riate 1
Azaendi 2
Rexeen 1
Laente 1
Usesre 1
Erinbe 1
Veesqu 19
Celebi 1
Atenleus 1
Atatra 2
Oronorusan 2
Inleri 2
Aedte 1
Soinre 1
Esater 1
Reraveat 2
Enerti 1
Isesra 2
Ingece 2
Enti 2
Biveer 1
Usquis 1
Reisbe 1
Reesra 1
Inceso 2
Usated 1
Zaraleveti 2
Quenla 13
Diisxe 15
Arxeat 2
Enladice 16
Uses 1
Ditied 1
Enlebeintege 2
Eddiar 1
Lageon 1
Anedmazaerte 1
Arqula 2
Tiesar 14
Ertilaso 1
Isdila 2
Edondi 11
Latiared 1
Diquaes 2
Veintive 2
Qurear 2
Tedi 2
Orara 16
Aninve 2
Biquso 1
Usla 1
Riesre 2
Zaesis 12
Xebiso 2
Resobi 2
Anra 2
Raveis 1
Estior 3
Isatus 1
Edises 2
Eder 19
Lalace 1
Iserdixe 1
Bibile 13
Anonle 2
Usus 1
Teceus 1
Reusce 1
Teares 19
Bivear 17
Quinte 2
Riace 13
Atuszaar 1
Leesma 1
Riaen 2
Teon 2
Diquce 2
Enbexedi 1
Enanabi 1
Ququisat 1
Leari 1
Eddiered 13
Biisso 1
Leinle 2
Onerti 15
Veveinvea 2
Orqubi 15
Isesatete 2
Edenat 1
Quonbe 2
Maquar 1
Vezais 2
Belace 1
Vele 2
Rabius 2
Vetive 2
Zatibi 2
Bimaar 2
Ervebi 2
Usveor 2
Inusti 1
Ceanma 1
Isterete 2
Veondi 1
Sosoce 17
Ausat 1
Enonon 17
Enbeat 14
Xeesreti 1
Vebeen 2
Erbema 1
Erre 1
Soesin 2
Leabe 2
Quisis 2
Beanma 14
Inaonqu 2
Reuser 8
Teison 2
Inmaoner 2
Inatxe 1
Bienon 1
Orteen Leente 1
Qumaeda 1
Usquza 1
Atiat 1
Inbice 1
Esesatsoti 3
Atrixe 2
Cereesqubi 2
Beisratees 1
Dianer 1
Laausma 2
Vesobi 2
Mazaon 1
Rearis 2
Arxela 1
Geedorisxe 1
Ribima 16
Ritier 1
Orator 17
Orreer Adidi 16
Isle 2
Bigeti 2
Enesor 2
Orenza 1
Radiri 13
Tiedxeer 2
Lebira 1
Diaan 16
Letian 9
Esinsoza 1
Bimaqu 1
Ceveerbe 2
Latemama 1
Cevege 15
Ritiis 14
Tegere 2
Rizarive 15
Isquan 1
Essoza 1
Isatees 1
Aneddi 1
Lateat 1
Zaage 13
Esonesla 18
Edge 1
Sobeus 2
Armare 19
Erveza 15
Gebein 2
Raatti 1
Esmaveti 2
Usesle 7
Veleislere 2
Atgeon 14
Inqudi Zabire 1
Zaquis 1
Atzala 1
Teraan 1
Biarma 2
Bieran 19
Isried 2
Leriza 2
Orgereza 2
Bies 1
Anatus 1
Aneron 1
Laveor 1
Leedma 2
Ralarama 16
Qutier 1
Orreon 17
Isceer 23
Inaorer 2
Uslaxe 2
Raedbe 2
Gequanra 2
Erzabi 15
Rain 2
Anates 2
Gebeor 1
Anor 2
Beedus 1
Bibive 1
Anaor 1
Erteso 1
Ceuser 2
Enlais 1
Ordibe 2
Dilece 15
Arsobibe 1
Onlaza 8
Ribied 2
Teonbi 2
Enceor 9
Cebean 1
Maabice 5
Teenve XIV 15
Reveri 1
Atsoquis 9
Soso 2
Vezaso 2
Zatior 1
Atsoar 15
Veer 1
Inbeaen 12
Onqube 1
Inisar 1
Diteon 1
Inlequ Edtied 2
Ederin 2
Tilate 2
Usinveer 2
Ordius 2
Soriqu 18
Isantien 16
Islaer 2
Ineddi 1
Orined 1
Ceraditi 2
Enrezari 16
Risoce 1
Teraar 2
Lesore 1
Reraonat 1
Esenqu 2
Orquat 1
Ersoed 19
Edri 14
Riedtere 1
Laatlaar 12
Arxeve 2
Teties 1
Anrati 14
Inbibi 2
Esusan 1
Inbezaor 2
Beteza 1
Gebebi 1
Arraer 12
Raaon 2
Cecea 1
Birara 2
Veceon 2
Atbeza 1
Atlebi 2
Leerza 1
Inte 1
Ceonar 2
Diarti 2
Anraes 2
Racege 1
Onxebe 2
Quanve 2
Tiinenla 2
Diiseste 1
Tearen 2
Cexeri 2
Reusar 15
Ainge 7
Qutele 1
Riisar 2
Vedixe 1
Rabiso 1
Resori 2
Bicelaor 1
Rareor 2
Dibiteso 1
Usbela 1
Atceus 9
Esatenle 2
Raquce 23
Inraisatdi 18
Raquza 2
Areso 1
Esgeri 21
Rigexequ 1
Isquge 2
Orcele 2
Ererma 14
Ononla 2
Ensodiis 15
Adice 1
Veorin Reazadi 1
Diquer 2
Uslaace 12
Ered 1
Beis 2
Isxema 11
Isama 1
Rionan 1
Orquusvete 1
Eratedbe 2
Anatge 2
Edremaza 22
Raater Xeesed 21
Ardice 1
Ceon 2
Tediis 1
Raaza 17
Teatave 2
Orvean 9
Inveinma 18
Soisso 1
Sorean Edrein 1
Arbiza 2
Onais 1
Sozatequte 1
Isxela 1
Xeeda 1
Orledi 1
Aninques 15
Gevece 1
Esoran 1
Atarbela 2
Xeriedre 2
Leedon 1
Raquma 1
Solera 15
Istire 1
Qugema 2
Esar 1
Zaarisus 2
Larema 2
Bite 1
Riange 19
Masoce 10
Terean 2
Qusoa 20
Diriorri 2
Ororor 1
Laonen 1
Ataran 14
Erbe 1
Enteti 2
Erceer 1
Tiesre Maanarla 1
Bileza 12
Erente 2
Ritibi 1
Leusan 2
Enonma 1
Rezainat 1
Este 2
Ridibi 18
Erbeesan 1
Beceus 1
Zarira 1
Lemace 1
Erxege 1
Beina 1
Veati 1
Gereve 2
Soonor 1
Maorer 19
Cexein 1
Reveis 1
Ceceuses 2
Rigeza 1
Arisan 2
Beatza 2
Retees 1
Velarararegele 2
Tiraarar 1
Inatri 16
Bemasoala 1
Leatra 2
Orrebi 1
Tiusen 17
Soarinarce 19
Ina 2
Biceer 1
Qumara 16
Edveesqu 1
Orza 1
Arbeer 13
Requraes 18
Anedri 1
Raquesoran 1
Gexere 2
Reanla 2
Enbiar 1
Rearen 11
Veordi 1
Onatquis 1
Amaen 15
Texeence 2
Enusa 19
Arlari 2
Ridire 1
Edusqu 2
Ora 15
Macele 1
Tediqu 1
Aredat 1
Laesve 1
Veeson 1
Zaedan 12
Enrite 2
Zaan 2
Leanti 1
Erzaxema 2
Oriste 1
Maonridi 17
Xerain 1
Quaan 1
Ladiar 1
Ceate 19
Aened 2
Laerbe 2
Inlein 19
Arce 1
Learreon 2
Isdibequ 1
Usxe 2
Quatla 20
Reorri 1
Zaorle 2
Ansoor 14
Qubein XII 2
Geisma 2
Bicein 1
Tibebe 17
Gexema 1
Iszatigele 2
Zarara 18
Labela 17
Atanonge 11
Xeina 2
Riente 1
Soavelaerat 18
Biatzaen 1
Uscein 16
Laveer 1
Orbila 2
Raceat 1
Ceusma XII 1
Enarvean 2
Dianrier 16
Diatxeesbe 1
Aredxexe 1
Madixe 1
Orusri 16
Isveoror 15
Race 20
Bitire 1
Raerge 2
Xebiso 10
Gesoxe 1
Edrexe 1
Diisre 1
Reatedlaon 17
Ater 1
Getiquti 2
Atinrige 2
Onesxe 14
Xearar 2
Inator 2
Entelaen 2
Onxeti XII 11
Laonso 1
Qugemara 1
Legees 16
Reusve 18
Beanre 1
Usanes 2
Dibiinar 1
Uslete 1
Onesdileer 2
Timabeinri 10
Maatin IX 1
Zabile 11
Rexear Veince 1
Isbein 1
Tisole 2
Rirerima 2
Mainqu 2
Biardi 2
Leisat 2
Eruslema 1
Gesodi 2
Ersousat 16
Orquge 2
Arzaor 1
Labereon 2
Oranus 2
Lamaen 14
Ormari 15
Dimarige 2
Veceen 24
Tixeor 1
Beusdi 1
Zabier 2
Inbiondi 2
Erteso 1
Usedri 1
Adiveis 1
Raenxevere 2
Orusiser 1
Leatdiated 17
Timaso 2
Ceatbi 1
Ceedra 18
Aoratle 18
Xeenla 2
Zaongeage 1
Erbiaxe 2
Geedve 2
Vereed 2
Qulean 1
Usarve 1
Edqu 1
Usarve Maanbi 1
Erreoresce 1
Anates 12
Mateve 1
Xete 1
Zare 2
Erisa 1
Riquis 1
Dibeed 22
Maon 8
Cegebi 1
Gexemaen 2
Tixebi 2
Lazaatbece 1
Ceaesat 1
Laveoner Uson 1
Enzain 2
Geedresoqu 1
Soenedisveor XV 1
Soquat 14
Zama 1
Veenus 2
Mageti 1
Anisge 2
Inbeon 14
Isties 2
Qugeat 19
Edlagelege 1
Maedisen XV 1
Regera 2
Aleinza 19
Xegeon 2
Anraza 2
Entiaqu 9
Usce 2
Dirionza 2
Ata 2
Onraza 2
Arisri 1
Incediat 2
Laerce 1
Inrige 1
Edbibe 1
Onenan 18
Tegera 19
Ingeza 1
Diar 2
Soinsoberi 13
Veradi 11
Zasoqu 12
Tiorer 13
Bioren 2
Zaedinbexe 1
Atdiordibe 2
Usordi 2
Xequtima 1
Berilaed 2
Diaron 2
Zaatinla 2
Usteor 2
Zaanarti 20
Titelaxeen 1
Inrain 1
Zabeveve 9
Erbixe 2
Isenza 1
Geenle 2
Socece 19
Raxeleen 5
Ermage 2
Tilaed 19
Erveer 15
Esteraon 1
Anusat 1
Tearmace 1
Texeza 2
Usatus 11
Tiinle 1
Zaaton 1
Bivea 1
Ederge 2
Ace 1
Ata 1
Anusar 1
Dilaceor 2
Qutige 1
Iser 2
Arte XII 1
Atistire 25
Estite 1
Eranso Ditebe 12
Cexebe 1
Enised 2
Usator 13
Erceanan 17
Lara 18
Raonceor 2
Geisen 2
Geceed 19
Oneser 18
Artele 2
Enraxe 1
Bidius Uslausla 1
Esla 1
Atonqu 20
Vequor 17
Atonedbe 1
Inbeso 2
Enbedi 16
Ineden XIV 2
Onedxe I 12
Anqula 2
Esaza 2
Xeatle 16
Ereres 1
Quralaqu 1
Axebi 1
Redige 2
Beenor 1
Usxe 1
Gezaso 2
Edusorbe 2
Lalete 11
Isusgeon 1
Rebire 1
Anreat 1
Diesbira 23
Erlera 1
Rabeat 1
Erorle 12
Zaququxe 2
Teer 11
Esesa 1
Lainor 1
Sosoondila 1
Arceer 1
Onriin 2
Bigeteza 1
Acebeteve 1
Cetexema 1
Beerat 1
Arxeen 1
Vete 1
Araxe 1
Qutiusvexeenma 1
Userteza 14
Usdibi 2
Dierza 2
Tegequ 11
Geatisle 1
Antiises 22
Tiraus 1
Soedxe VI 1
Veisen 1
Riquis 12
Xeaes 1
Tiqurira 1
Isbiis 8
Bixeza 1
Onen 2
Vedian 18
Retiin 16
Lexeorat 15
Ramais 1
Maquvees 15
Direus 2
Tizais 2
Bemaqu 13
Teainus 14
Teceed 2
Esesbebe 10
Edriqu 18
Abixe 14
Inesti 2
Raeson 1
Qumaat 1
Laisri 21
Veace 1
Atxeen 2
Reinre 1
Reor 15
Aneddi 1
Arlaenre 1
Bilati 1
Somaen 15
Xearti 1
Orlaat 1
Esonle 1
Isonrima 2
Arbe 2
Belaer 2
Orreat 1
Orquusa 2
Edbexesoorbe 1
Esar 1
Arerma 19
Sole 2
Reonri 2
Maaes 2
Bireza 2
Attior 1
Xereus 17
Maarar 1
Bionmabier 2
Usqute 2
Atintiintidi 19
Teried 17
Ansodi 1
Risoan 1
Teonti 2
Riquedzalerira 1
Geveinbi 15
Orative 2
Tied 1
Ria 2
Onusus 2
Verais 2
Edonte 2
Zaer 2
Atear 11
Raatdi 2
Diingequ 15
Bereis 2
Edorge 1
Atxeri 1
Xeence 2
Edribiso 1
Zazalema 2
Usgeer 1
Tileuste 1
Laanbe 2
Aesve 16
Male 1
Erala 18
Enlaon 2
Erreat 12
Resote 1
Onenge 1
Rima 1
Esxein 2
Teteusis 1
Soinxete 2
Ceeran 2
Qucean 1
Telebia 1
Estiar 2
Atanso IX 1
Reanzaes 1
Lemaen 1
Ustedi 2
Verileti 2
Beraed 2
Geedan 27
Gesoonin 2
Laenin 15
Orreen 1
Aria 2
Biraxedi 2
Enlaraon 14
Vexe 15
Maisza 2
Erledia 12
Usla 17
Rieszabe 2
Onxeis 2
Anraer 1
Gesodi 2
Recele 2
Mabilean 2
Usaesxe 12
Biatbi 20
Onxeza XI 1
Tiisre 16
Lasoar 2
Enreza Inainve 2
Radia 2
Qurema 1
Gedied 2
Usenan 2
Ancein 14
Erqudi 2
Inonri 18
Riusti 2
Quleso 1
Soquisquaar 1
Edoron 1
Teveen 1
Cesoat 17
Xetire 1
Eredbi 1
Ater 1
Quesa 18
Atlele 1
Retion 1
Oraterre 2
Sora 1
Laququ 1
Lelaer 2
Ralagema 21
Riisri 2
Malaat 1
Aerberi 2
Atditi 1
Soleed 24
Teleon 2
Tiaus 1
Tigeve 2
Orlasoer 1
Orxeri 2
Raerat 18
Onmaxean 14
Rainle 2
Raerar 19
Zabive 11
Aorso Onveer 2
Atatgeer 1
Erlaa 2
Edorra 2
Tiarer 1
Leined 2
Rebema 1
Rabiza 1
Veriti 1
Erqued 13
Geququ 1
Reedve 1
Soquus 2
Areer 2
Isenus 2
Laerqu 1
Ermara 1
Eszama 1
Diatce 1
Gexeti 15
Bexema 2
Esreti 2
Tileaza 15
Bere 2
Bizabi 2
Xeesar 1
Edtiis 1
Tibeer 2
Cesora 1
Atsobe 2
Arsoquondive 1
Riesat 2
Ondibetice 1
Vexeusis 2
Bezara 17
Lezarexe 1
Xemaus 1
Xesoes 1
Quesin 1
Gearin 18
Ononesisgedi 17
Riared 1
Erusra 22
Invea 21
Tema 1
Esreve 1
Ceveti 1
Xeoran 2
Qubirabi 1
Redia 1
Atvege 9
Ralexees 2
Artige 2
Enatesre 2
Sobiqule XIII 1
Esenin 1
Enmaar 1
Razave VII 2
Araon 2
Rianve 2
Inesti 1
Tilabi I 1
Usedve 2
Diveza 2
Xeraqu 1
Biveus 2
Bexeteti 1
Atra 15
Lazate 15
Arbi 2
Ininreed 1
Anbibiesve 1
Gesoan 17
Laesen 2
Anbearla 2
Edoror XVIII 1
Rarilara 1
Edria 21
Ribebiri 1
Esesdi 1
Onenanra 1
Raatve Inaedqu 18
Aceti 1
Isedtimain 19
Ermain 1
Zaritera 2
Bequor 1
Bibi 2
Diusra 1
Inques 2
Dibeer 2
Beaonza 2
Aterra 1
Geenon 1
Ribeti 13
Tizaus 1
Zamaqu 2
Zaenvein 19
Maerus 20
Isedisbe 2
Isonre 19
Orered 2
Diqube 2
Leridi 1
Beares 1
Leat 1
Marain 18
Arso 2
Soteon 2
Raonce 13
Abein 2
Ria 1
Dierri 1
Tegema 1
Aques 16
Tetior 24
Isanve 1
Bixela 2
Qurece 2
Usarar 12
Enraza 1
Zama 1
Zareat 2
Arerar 11
Rezavetere 1
Didirati 1
Eddier 1
Onveorce 2
Teedar 2
Estiqu 2
Eris 1
Getima 1
Sozaat 1
Isbele 2
Aaquti 1
Rearen 1
Arvearri 2
Ustemace 2
Atleenertexeis 14
Teersoes 1
Veveus 2
Enbier 1
Azabe 2
Tilain 2
Xexeis 2
Atiza 12
Usce 2
Araridi 1
Biriat 2
Onerdi 19
Zaquan 14
Diriat 1
Tilaus 2
Soedesma 2
Atete 1
Ergela 1
Engequxe 10
Isonso 2
Teonma 1
Zalaed 24
Atage 19
Biesbi 22
Tixela 1
Begeandies 23
Biveed 2
Usoror 19
Esrera 1
Quama 1
Quredi 11
Xexe 1
Xeorbe 23
Anorce 13
Atteisdi 1
Oran 17
Useris 1
Maorais 1
Ceenge 1
Soorla 2
Rezati 1
Orvebi 1
Leriti 1
Leatti 2
Ratileza 2
Teveon 13
Bizaa 2
Lalaor 9
Orzaor 1
Arama 2
Edribi 13
Tequri 16
Labice 1
